2025-12-25 19:34:42,714 - INFO - 训练器初始化完成
2025-12-25 19:34:42,714 - INFO - 优化器: SGD, 学习率: 0.1
2025-12-25 19:34:42,714 - INFO - 调度器: CosineAnnealingLR
2025-12-25 19:34:42,714 - INFO - 开始训练，共150个epoch
2025-12-25 19:34:50,534 - INFO - 保存最佳模型，准确率: 41.36%
2025-12-25 19:34:50,534 - INFO - Epoch 1/150 | Train Loss: 1.9318 | Train Acc: 30.03% | Test Loss: 1.6220 | Test Acc: 41.36% | F1 Score: 0.3969 | Time: 7.8s
2025-12-25 19:34:57,846 - INFO - 保存最佳模型，准确率: 60.10%
2025-12-25 19:34:57,846 - INFO - Epoch 2/150 | Train Loss: 1.3255 | Train Acc: 52.04% | Test Loss: 1.1254 | Test Acc: 60.10% | F1 Score: 0.5867 | Time: 7.3s
2025-12-25 19:35:05,360 - INFO - 保存最佳模型，准确率: 63.14%
2025-12-25 19:35:05,360 - INFO - Epoch 3/150 | Train Loss: 0.9520 | Train Acc: 66.23% | Test Loss: 1.0460 | Test Acc: 63.14% | F1 Score: 0.6354 | Time: 7.5s
2025-12-25 19:35:12,730 - INFO - 保存最佳模型，准确率: 72.97%
2025-12-25 19:35:12,730 - INFO - Epoch 4/150 | Train Loss: 0.7505 | Train Acc: 74.01% | Test Loss: 0.7875 | Test Acc: 72.97% | F1 Score: 0.7280 | Time: 7.4s
2025-12-25 19:35:20,073 - INFO - 保存最佳模型，准确率: 73.16%
2025-12-25 19:35:20,073 - INFO - Epoch 5/150 | Train Loss: 0.6535 | Train Acc: 77.46% | Test Loss: 0.8084 | Test Acc: 73.16% | F1 Score: 0.7293 | Time: 7.3s
2025-12-25 19:35:27,524 - INFO - 保存最佳模型，准确率: 77.90%
2025-12-25 19:35:27,524 - INFO - Epoch 6/150 | Train Loss: 0.5888 | Train Acc: 79.61% | Test Loss: 0.6703 | Test Acc: 77.90% | F1 Score: 0.7755 | Time: 7.5s
2025-12-25 19:35:34,742 - INFO - 保存最佳模型，准确率: 78.71%
2025-12-25 19:35:34,742 - INFO - Epoch 7/150 | Train Loss: 0.5507 | Train Acc: 81.05% | Test Loss: 0.6246 | Test Acc: 78.71% | F1 Score: 0.7856 | Time: 7.2s
2025-12-25 19:35:42,114 - INFO - 保存最佳模型，准确率: 82.85%
2025-12-25 19:35:42,114 - INFO - Epoch 8/150 | Train Loss: 0.5219 | Train Acc: 82.08% | Test Loss: 0.5076 | Test Acc: 82.85% | F1 Score: 0.8270 | Time: 7.4s
2025-12-25 19:35:49,410 - INFO - Epoch 9/150 | Train Loss: 0.5006 | Train Acc: 82.91% | Test Loss: 0.6238 | Test Acc: 79.59% | F1 Score: 0.7961 | Time: 7.3s
2025-12-25 19:35:56,720 - INFO - Epoch 10/150 | Train Loss: 0.4765 | Train Acc: 83.64% | Test Loss: 0.6003 | Test Acc: 80.13% | F1 Score: 0.8031 | Time: 7.3s
2025-12-25 19:36:04,062 - INFO - Epoch 11/150 | Train Loss: 0.4650 | Train Acc: 83.96% | Test Loss: 0.5961 | Test Acc: 80.67% | F1 Score: 0.8058 | Time: 7.3s
2025-12-25 19:36:11,309 - INFO - Epoch 12/150 | Train Loss: 0.4546 | Train Acc: 84.28% | Test Loss: 0.7960 | Test Acc: 74.94% | F1 Score: 0.7566 | Time: 7.2s
2025-12-25 19:36:18,558 - INFO - Epoch 13/150 | Train Loss: 0.4436 | Train Acc: 84.93% | Test Loss: 0.6386 | Test Acc: 79.02% | F1 Score: 0.7983 | Time: 7.2s
2025-12-25 19:36:25,866 - INFO - Epoch 14/150 | Train Loss: 0.4293 | Train Acc: 85.41% | Test Loss: 0.7633 | Test Acc: 76.16% | F1 Score: 0.7654 | Time: 7.3s
2025-12-25 19:36:33,317 - INFO - Epoch 15/150 | Train Loss: 0.4221 | Train Acc: 85.63% | Test Loss: 0.6138 | Test Acc: 79.20% | F1 Score: 0.8030 | Time: 7.5s
2025-12-25 19:36:40,669 - INFO - 保存最佳模型，准确率: 83.81%
2025-12-25 19:36:40,669 - INFO - Epoch 16/150 | Train Loss: 0.4126 | Train Acc: 85.78% | Test Loss: 0.4758 | Test Acc: 83.81% | F1 Score: 0.8370 | Time: 7.4s
2025-12-25 19:36:47,927 - INFO - Epoch 17/150 | Train Loss: 0.4058 | Train Acc: 85.98% | Test Loss: 0.5721 | Test Acc: 81.20% | F1 Score: 0.8103 | Time: 7.3s
2025-12-25 19:36:55,218 - INFO - Epoch 18/150 | Train Loss: 0.3973 | Train Acc: 86.50% | Test Loss: 0.4994 | Test Acc: 83.47% | F1 Score: 0.8348 | Time: 7.3s
2025-12-25 19:37:02,616 - INFO - 保存最佳模型，准确率: 84.52%
2025-12-25 19:37:02,616 - INFO - Epoch 19/150 | Train Loss: 0.3909 | Train Acc: 86.57% | Test Loss: 0.4689 | Test Acc: 84.52% | F1 Score: 0.8431 | Time: 7.4s
2025-12-25 19:37:09,995 - INFO - Epoch 20/150 | Train Loss: 0.3878 | Train Acc: 86.72% | Test Loss: 0.4932 | Test Acc: 83.10% | F1 Score: 0.8321 | Time: 7.4s
2025-12-25 19:37:17,338 - INFO - 保存最佳模型，准确率: 84.84%
2025-12-25 19:37:17,338 - INFO - Epoch 21/150 | Train Loss: 0.3788 | Train Acc: 87.11% | Test Loss: 0.4473 | Test Acc: 84.84% | F1 Score: 0.8491 | Time: 7.3s
2025-12-25 19:37:24,694 - INFO - Epoch 22/150 | Train Loss: 0.3746 | Train Acc: 87.25% | Test Loss: 0.6804 | Test Acc: 77.70% | F1 Score: 0.7926 | Time: 7.4s
2025-12-25 19:37:32,025 - INFO - Epoch 23/150 | Train Loss: 0.3717 | Train Acc: 87.39% | Test Loss: 0.5774 | Test Acc: 81.41% | F1 Score: 0.8121 | Time: 7.3s
2025-12-25 19:37:39,340 - INFO - Epoch 24/150 | Train Loss: 0.3686 | Train Acc: 87.46% | Test Loss: 0.4708 | Test Acc: 84.05% | F1 Score: 0.8379 | Time: 7.3s
2025-12-25 19:37:46,587 - INFO - Epoch 25/150 | Train Loss: 0.3649 | Train Acc: 87.64% | Test Loss: 0.4746 | Test Acc: 83.89% | F1 Score: 0.8410 | Time: 7.2s
2025-12-25 19:37:53,868 - INFO - Epoch 26/150 | Train Loss: 0.3558 | Train Acc: 88.06% | Test Loss: 0.5932 | Test Acc: 81.34% | F1 Score: 0.8129 | Time: 7.3s
2025-12-25 19:38:01,158 - INFO - Epoch 27/150 | Train Loss: 0.3582 | Train Acc: 87.76% | Test Loss: 0.4716 | Test Acc: 84.23% | F1 Score: 0.8440 | Time: 7.3s
2025-12-25 19:38:08,395 - INFO - Epoch 28/150 | Train Loss: 0.3549 | Train Acc: 87.86% | Test Loss: 0.4801 | Test Acc: 84.14% | F1 Score: 0.8429 | Time: 7.2s
2025-12-25 19:38:15,736 - INFO - 保存最佳模型，准确率: 86.23%
2025-12-25 19:38:15,736 - INFO - Epoch 29/150 | Train Loss: 0.3503 | Train Acc: 88.12% | Test Loss: 0.4062 | Test Acc: 86.23% | F1 Score: 0.8619 | Time: 7.3s
2025-12-25 19:38:23,174 - INFO - Epoch 30/150 | Train Loss: 0.3480 | Train Acc: 88.19% | Test Loss: 0.4733 | Test Acc: 84.49% | F1 Score: 0.8455 | Time: 7.4s
2025-12-25 19:38:30,551 - INFO - Epoch 31/150 | Train Loss: 0.3443 | Train Acc: 88.24% | Test Loss: 0.4572 | Test Acc: 85.20% | F1 Score: 0.8522 | Time: 7.4s
2025-12-25 19:38:37,823 - INFO - Epoch 32/150 | Train Loss: 0.3397 | Train Acc: 88.43% | Test Loss: 0.4803 | Test Acc: 84.38% | F1 Score: 0.8435 | Time: 7.3s
2025-12-25 19:38:45,210 - INFO - 保存最佳模型，准确率: 86.27%
2025-12-25 19:38:45,211 - INFO - Epoch 33/150 | Train Loss: 0.3396 | Train Acc: 88.48% | Test Loss: 0.4062 | Test Acc: 86.27% | F1 Score: 0.8614 | Time: 7.4s
2025-12-25 19:38:52,631 - INFO - 保存最佳模型，准确率: 87.22%
2025-12-25 19:38:52,631 - INFO - Epoch 34/150 | Train Loss: 0.3333 | Train Acc: 88.66% | Test Loss: 0.3781 | Test Acc: 87.22% | F1 Score: 0.8731 | Time: 7.4s
2025-12-25 19:38:59,905 - INFO - Epoch 35/150 | Train Loss: 0.3281 | Train Acc: 88.75% | Test Loss: 0.4933 | Test Acc: 83.74% | F1 Score: 0.8334 | Time: 7.3s
2025-12-25 19:39:07,341 - INFO - Epoch 36/150 | Train Loss: 0.3292 | Train Acc: 88.78% | Test Loss: 0.4726 | Test Acc: 83.99% | F1 Score: 0.8377 | Time: 7.4s
2025-12-25 19:39:14,706 - INFO - Epoch 37/150 | Train Loss: 0.3247 | Train Acc: 88.96% | Test Loss: 0.4260 | Test Acc: 85.48% | F1 Score: 0.8557 | Time: 7.4s
2025-12-25 19:39:21,958 - INFO - Epoch 38/150 | Train Loss: 0.3214 | Train Acc: 88.91% | Test Loss: 0.5001 | Test Acc: 83.96% | F1 Score: 0.8391 | Time: 7.3s
2025-12-25 19:39:29,224 - INFO - Epoch 39/150 | Train Loss: 0.3212 | Train Acc: 88.99% | Test Loss: 0.3993 | Test Acc: 86.41% | F1 Score: 0.8626 | Time: 7.3s
2025-12-25 19:39:36,643 - INFO - Epoch 40/150 | Train Loss: 0.3103 | Train Acc: 89.38% | Test Loss: 0.4493 | Test Acc: 85.41% | F1 Score: 0.8542 | Time: 7.4s
2025-12-25 19:39:43,933 - INFO - Epoch 41/150 | Train Loss: 0.3211 | Train Acc: 89.02% | Test Loss: 0.7303 | Test Acc: 79.60% | F1 Score: 0.7997 | Time: 7.3s
2025-12-25 19:39:51,300 - INFO - Epoch 42/150 | Train Loss: 0.3145 | Train Acc: 89.43% | Test Loss: 0.4608 | Test Acc: 85.43% | F1 Score: 0.8529 | Time: 7.4s
2025-12-25 19:39:58,597 - INFO - Epoch 43/150 | Train Loss: 0.3104 | Train Acc: 89.33% | Test Loss: 0.4677 | Test Acc: 84.73% | F1 Score: 0.8488 | Time: 7.3s
2025-12-25 19:40:05,993 - INFO - Epoch 44/150 | Train Loss: 0.3074 | Train Acc: 89.64% | Test Loss: 0.3892 | Test Acc: 86.96% | F1 Score: 0.8682 | Time: 7.4s
2025-12-25 19:40:13,317 - INFO - Epoch 45/150 | Train Loss: 0.3063 | Train Acc: 89.52% | Test Loss: 0.4451 | Test Acc: 84.78% | F1 Score: 0.8485 | Time: 7.3s
2025-12-25 19:40:20,736 - INFO - Epoch 46/150 | Train Loss: 0.3058 | Train Acc: 89.68% | Test Loss: 0.3926 | Test Acc: 86.52% | F1 Score: 0.8659 | Time: 7.4s
2025-12-25 19:40:28,012 - INFO - Epoch 47/150 | Train Loss: 0.2954 | Train Acc: 89.87% | Test Loss: 0.4529 | Test Acc: 85.16% | F1 Score: 0.8496 | Time: 7.3s
2025-12-25 19:40:35,270 - INFO - Epoch 48/150 | Train Loss: 0.2948 | Train Acc: 90.03% | Test Loss: 0.3963 | Test Acc: 86.97% | F1 Score: 0.8677 | Time: 7.3s
2025-12-25 19:40:42,577 - INFO - Epoch 49/150 | Train Loss: 0.2961 | Train Acc: 89.94% | Test Loss: 0.6060 | Test Acc: 81.00% | F1 Score: 0.8109 | Time: 7.3s
2025-12-25 19:40:49,951 - INFO - Epoch 50/150 | Train Loss: 0.2903 | Train Acc: 90.09% | Test Loss: 0.5017 | Test Acc: 83.73% | F1 Score: 0.8395 | Time: 7.4s
2025-12-25 19:40:57,267 - INFO - Epoch 51/150 | Train Loss: 0.2897 | Train Acc: 90.17% | Test Loss: 0.4058 | Test Acc: 86.29% | F1 Score: 0.8628 | Time: 7.3s
2025-12-25 19:41:04,578 - INFO - Epoch 52/150 | Train Loss: 0.2837 | Train Acc: 90.46% | Test Loss: 0.4397 | Test Acc: 85.66% | F1 Score: 0.8595 | Time: 7.3s
2025-12-25 19:41:11,860 - INFO - Epoch 53/150 | Train Loss: 0.2837 | Train Acc: 90.23% | Test Loss: 0.4232 | Test Acc: 86.28% | F1 Score: 0.8645 | Time: 7.3s
2025-12-25 19:41:19,347 - INFO - 保存最佳模型，准确率: 87.42%
2025-12-25 19:41:19,348 - INFO - Epoch 54/150 | Train Loss: 0.2753 | Train Acc: 90.78% | Test Loss: 0.3822 | Test Acc: 87.42% | F1 Score: 0.8747 | Time: 7.5s
2025-12-25 19:41:26,741 - INFO - Epoch 55/150 | Train Loss: 0.2749 | Train Acc: 90.63% | Test Loss: 0.4462 | Test Acc: 85.00% | F1 Score: 0.8493 | Time: 7.4s
2025-12-25 19:41:34,119 - INFO - 保存最佳模型，准确率: 87.51%
2025-12-25 19:41:34,119 - INFO - Epoch 56/150 | Train Loss: 0.2751 | Train Acc: 90.66% | Test Loss: 0.3823 | Test Acc: 87.51% | F1 Score: 0.8733 | Time: 7.4s
2025-12-25 19:41:41,447 - INFO - Epoch 57/150 | Train Loss: 0.2689 | Train Acc: 90.79% | Test Loss: 0.3786 | Test Acc: 87.03% | F1 Score: 0.8699 | Time: 7.3s
2025-12-25 19:41:48,890 - INFO - Epoch 58/150 | Train Loss: 0.2685 | Train Acc: 90.93% | Test Loss: 0.4590 | Test Acc: 85.53% | F1 Score: 0.8607 | Time: 7.4s
2025-12-25 19:41:56,195 - INFO - Epoch 59/150 | Train Loss: 0.2664 | Train Acc: 90.94% | Test Loss: 0.4541 | Test Acc: 85.32% | F1 Score: 0.8528 | Time: 7.3s
2025-12-25 19:42:03,581 - INFO - Epoch 60/150 | Train Loss: 0.2612 | Train Acc: 91.13% | Test Loss: 0.4032 | Test Acc: 87.22% | F1 Score: 0.8715 | Time: 7.4s
2025-12-25 19:42:10,867 - INFO - Epoch 61/150 | Train Loss: 0.2545 | Train Acc: 91.39% | Test Loss: 0.4595 | Test Acc: 85.52% | F1 Score: 0.8501 | Time: 7.3s
2025-12-25 19:42:18,203 - INFO - Epoch 62/150 | Train Loss: 0.2563 | Train Acc: 91.23% | Test Loss: 0.4153 | Test Acc: 87.11% | F1 Score: 0.8701 | Time: 7.3s
2025-12-25 19:42:25,616 - INFO - 保存最佳模型，准确率: 88.49%
2025-12-25 19:42:25,617 - INFO - Epoch 63/150 | Train Loss: 0.2532 | Train Acc: 91.20% | Test Loss: 0.3535 | Test Acc: 88.49% | F1 Score: 0.8842 | Time: 7.4s
2025-12-25 19:42:32,934 - INFO - Epoch 64/150 | Train Loss: 0.2531 | Train Acc: 91.41% | Test Loss: 0.3979 | Test Acc: 86.83% | F1 Score: 0.8686 | Time: 7.3s
2025-12-25 19:42:40,385 - INFO - Epoch 65/150 | Train Loss: 0.2425 | Train Acc: 91.65% | Test Loss: 0.3969 | Test Acc: 86.63% | F1 Score: 0.8642 | Time: 7.5s
2025-12-25 19:42:47,741 - INFO - Epoch 66/150 | Train Loss: 0.2408 | Train Acc: 91.70% | Test Loss: 0.3546 | Test Acc: 88.23% | F1 Score: 0.8836 | Time: 7.4s
2025-12-25 19:42:55,004 - INFO - 保存最佳模型，准确率: 88.70%
2025-12-25 19:42:55,004 - INFO - Epoch 67/150 | Train Loss: 0.2376 | Train Acc: 91.83% | Test Loss: 0.3462 | Test Acc: 88.70% | F1 Score: 0.8867 | Time: 7.3s
2025-12-25 19:43:02,390 - INFO - Epoch 68/150 | Train Loss: 0.2354 | Train Acc: 91.95% | Test Loss: 0.3866 | Test Acc: 87.48% | F1 Score: 0.8745 | Time: 7.4s
2025-12-25 19:43:09,825 - INFO - Epoch 69/150 | Train Loss: 0.2339 | Train Acc: 92.02% | Test Loss: 0.3648 | Test Acc: 88.27% | F1 Score: 0.8827 | Time: 7.4s
2025-12-25 19:43:17,137 - INFO - Epoch 70/150 | Train Loss: 0.2319 | Train Acc: 91.93% | Test Loss: 0.3473 | Test Acc: 88.54% | F1 Score: 0.8867 | Time: 7.3s
2025-12-25 19:43:24,452 - INFO - Epoch 71/150 | Train Loss: 0.2317 | Train Acc: 92.01% | Test Loss: 0.3558 | Test Acc: 88.44% | F1 Score: 0.8846 | Time: 7.3s
2025-12-25 19:43:31,865 - INFO - Epoch 72/150 | Train Loss: 0.2214 | Train Acc: 92.31% | Test Loss: 0.3532 | Test Acc: 88.28% | F1 Score: 0.8814 | Time: 7.4s
2025-12-25 19:43:39,170 - INFO - Epoch 73/150 | Train Loss: 0.2189 | Train Acc: 92.51% | Test Loss: 0.3720 | Test Acc: 88.26% | F1 Score: 0.8827 | Time: 7.3s
2025-12-25 19:43:46,492 - INFO - Epoch 74/150 | Train Loss: 0.2157 | Train Acc: 92.65% | Test Loss: 0.6555 | Test Acc: 80.67% | F1 Score: 0.8139 | Time: 7.3s
2025-12-25 19:43:53,809 - INFO - Epoch 75/150 | Train Loss: 0.2073 | Train Acc: 92.93% | Test Loss: 0.3699 | Test Acc: 87.88% | F1 Score: 0.8796 | Time: 7.3s
2025-12-25 19:44:01,094 - INFO - Epoch 76/150 | Train Loss: 0.2113 | Train Acc: 92.79% | Test Loss: 0.4114 | Test Acc: 86.74% | F1 Score: 0.8667 | Time: 7.3s
2025-12-25 19:44:08,464 - INFO - Epoch 77/150 | Train Loss: 0.2063 | Train Acc: 92.96% | Test Loss: 0.3952 | Test Acc: 87.56% | F1 Score: 0.8746 | Time: 7.4s
2025-12-25 19:44:15,763 - INFO - Epoch 78/150 | Train Loss: 0.2012 | Train Acc: 93.19% | Test Loss: 0.3987 | Test Acc: 87.29% | F1 Score: 0.8762 | Time: 7.3s
2025-12-25 19:44:23,157 - INFO - 保存最佳模型，准确率: 90.56%
2025-12-25 19:44:23,158 - INFO - Epoch 79/150 | Train Loss: 0.1960 | Train Acc: 93.29% | Test Loss: 0.2962 | Test Acc: 90.56% | F1 Score: 0.9053 | Time: 7.4s
2025-12-25 19:44:30,507 - INFO - Epoch 80/150 | Train Loss: 0.1898 | Train Acc: 93.46% | Test Loss: 0.3633 | Test Acc: 88.27% | F1 Score: 0.8820 | Time: 7.3s
2025-12-25 19:44:37,835 - INFO - Epoch 81/150 | Train Loss: 0.1909 | Train Acc: 93.48% | Test Loss: 0.4306 | Test Acc: 86.73% | F1 Score: 0.8705 | Time: 7.3s
2025-12-25 19:44:45,094 - INFO - Epoch 82/150 | Train Loss: 0.1891 | Train Acc: 93.67% | Test Loss: 0.3842 | Test Acc: 88.00% | F1 Score: 0.8793 | Time: 7.3s
2025-12-25 19:44:52,427 - INFO - Epoch 83/150 | Train Loss: 0.1821 | Train Acc: 93.83% | Test Loss: 0.3017 | Test Acc: 90.29% | F1 Score: 0.9029 | Time: 7.3s
2025-12-25 19:44:59,738 - INFO - Epoch 84/150 | Train Loss: 0.1810 | Train Acc: 93.79% | Test Loss: 0.3436 | Test Acc: 89.12% | F1 Score: 0.8908 | Time: 7.3s
2025-12-25 19:45:07,152 - INFO - 保存最佳模型，准确率: 91.31%
2025-12-25 19:45:07,152 - INFO - Epoch 85/150 | Train Loss: 0.1716 | Train Acc: 94.10% | Test Loss: 0.2777 | Test Acc: 91.31% | F1 Score: 0.9132 | Time: 7.4s
2025-12-25 19:45:14,489 - INFO - Epoch 86/150 | Train Loss: 0.1738 | Train Acc: 94.12% | Test Loss: 0.3216 | Test Acc: 89.91% | F1 Score: 0.8994 | Time: 7.3s
2025-12-25 19:45:21,955 - INFO - Epoch 87/150 | Train Loss: 0.1657 | Train Acc: 94.37% | Test Loss: 0.2919 | Test Acc: 90.23% | F1 Score: 0.9022 | Time: 7.5s
2025-12-25 19:45:29,219 - INFO - Epoch 88/150 | Train Loss: 0.1662 | Train Acc: 94.21% | Test Loss: 0.2987 | Test Acc: 90.35% | F1 Score: 0.9034 | Time: 7.3s
2025-12-25 19:45:36,609 - INFO - Epoch 89/150 | Train Loss: 0.1567 | Train Acc: 94.65% | Test Loss: 0.3185 | Test Acc: 90.12% | F1 Score: 0.9013 | Time: 7.4s
2025-12-25 19:45:44,145 - INFO - Epoch 90/150 | Train Loss: 0.1572 | Train Acc: 94.59% | Test Loss: 0.2876 | Test Acc: 90.63% | F1 Score: 0.9061 | Time: 7.5s
2025-12-25 19:45:51,596 - INFO - Epoch 91/150 | Train Loss: 0.1524 | Train Acc: 94.74% | Test Loss: 0.3983 | Test Acc: 88.17% | F1 Score: 0.8806 | Time: 7.5s
2025-12-25 19:45:58,843 - INFO - Epoch 92/150 | Train Loss: 0.1468 | Train Acc: 95.03% | Test Loss: 0.3738 | Test Acc: 88.86% | F1 Score: 0.8889 | Time: 7.2s
2025-12-25 19:46:06,137 - INFO - Epoch 93/150 | Train Loss: 0.1453 | Train Acc: 95.05% | Test Loss: 0.2931 | Test Acc: 90.75% | F1 Score: 0.9078 | Time: 7.3s
2025-12-25 19:46:13,482 - INFO - Epoch 94/150 | Train Loss: 0.1414 | Train Acc: 95.18% | Test Loss: 0.3198 | Test Acc: 90.07% | F1 Score: 0.8999 | Time: 7.3s
2025-12-25 19:46:20,749 - INFO - Epoch 95/150 | Train Loss: 0.1345 | Train Acc: 95.47% | Test Loss: 0.3066 | Test Acc: 90.56% | F1 Score: 0.9061 | Time: 7.3s
2025-12-25 19:46:28,214 - INFO - Epoch 96/150 | Train Loss: 0.1322 | Train Acc: 95.48% | Test Loss: 0.2987 | Test Acc: 90.49% | F1 Score: 0.9060 | Time: 7.5s
2025-12-25 19:46:35,605 - INFO - Epoch 97/150 | Train Loss: 0.1263 | Train Acc: 95.72% | Test Loss: 0.2887 | Test Acc: 91.20% | F1 Score: 0.9114 | Time: 7.4s
2025-12-25 19:46:42,904 - INFO - 保存最佳模型，准确率: 91.50%
2025-12-25 19:46:42,904 - INFO - Epoch 98/150 | Train Loss: 0.1256 | Train Acc: 95.74% | Test Loss: 0.2791 | Test Acc: 91.50% | F1 Score: 0.9145 | Time: 7.3s
2025-12-25 19:46:50,224 - INFO - 保存最佳模型，准确率: 91.76%
2025-12-25 19:46:50,224 - INFO - Epoch 99/150 | Train Loss: 0.1161 | Train Acc: 96.04% | Test Loss: 0.2655 | Test Acc: 91.76% | F1 Score: 0.9181 | Time: 7.3s
2025-12-25 19:46:57,536 - INFO - Epoch 100/150 | Train Loss: 0.1117 | Train Acc: 96.18% | Test Loss: 0.2701 | Test Acc: 91.38% | F1 Score: 0.9133 | Time: 7.3s
2025-12-25 19:47:04,832 - INFO - Epoch 101/150 | Train Loss: 0.1095 | Train Acc: 96.20% | Test Loss: 0.2858 | Test Acc: 91.26% | F1 Score: 0.9121 | Time: 7.3s
2025-12-25 19:47:12,124 - INFO - Epoch 102/150 | Train Loss: 0.1064 | Train Acc: 96.49% | Test Loss: 0.2861 | Test Acc: 91.39% | F1 Score: 0.9138 | Time: 7.3s
2025-12-25 19:47:19,480 - INFO - 保存最佳模型，准确率: 91.81%
2025-12-25 19:47:19,480 - INFO - Epoch 103/150 | Train Loss: 0.0988 | Train Acc: 96.72% | Test Loss: 0.2650 | Test Acc: 91.81% | F1 Score: 0.9181 | Time: 7.4s
2025-12-25 19:47:26,767 - INFO - Epoch 104/150 | Train Loss: 0.0948 | Train Acc: 96.79% | Test Loss: 0.2934 | Test Acc: 91.06% | F1 Score: 0.9102 | Time: 7.3s
2025-12-25 19:47:34,070 - INFO - Epoch 105/150 | Train Loss: 0.0926 | Train Acc: 96.84% | Test Loss: 0.3250 | Test Acc: 90.27% | F1 Score: 0.9043 | Time: 7.3s
2025-12-25 19:47:41,433 - INFO - Epoch 106/150 | Train Loss: 0.0902 | Train Acc: 96.88% | Test Loss: 0.2824 | Test Acc: 91.55% | F1 Score: 0.9154 | Time: 7.4s
2025-12-25 19:47:48,815 - INFO - 保存最佳模型，准确率: 92.15%
2025-12-25 19:47:48,815 - INFO - Epoch 107/150 | Train Loss: 0.0865 | Train Acc: 97.03% | Test Loss: 0.2609 | Test Acc: 92.15% | F1 Score: 0.9214 | Time: 7.4s
2025-12-25 19:47:56,144 - INFO - 保存最佳模型，准确率: 92.23%
2025-12-25 19:47:56,144 - INFO - Epoch 108/150 | Train Loss: 0.0804 | Train Acc: 97.28% | Test Loss: 0.2676 | Test Acc: 92.23% | F1 Score: 0.9227 | Time: 7.3s
2025-12-25 19:48:03,392 - INFO - Epoch 109/150 | Train Loss: 0.0769 | Train Acc: 97.40% | Test Loss: 0.2736 | Test Acc: 92.05% | F1 Score: 0.9205 | Time: 7.2s
2025-12-25 19:48:10,793 - INFO - 保存最佳模型，准确率: 92.41%
2025-12-25 19:48:10,794 - INFO - Epoch 110/150 | Train Loss: 0.0684 | Train Acc: 97.71% | Test Loss: 0.2400 | Test Acc: 92.41% | F1 Score: 0.9239 | Time: 7.4s
2025-12-25 19:48:18,201 - INFO - Epoch 111/150 | Train Loss: 0.0684 | Train Acc: 97.74% | Test Loss: 0.2611 | Test Acc: 92.38% | F1 Score: 0.9237 | Time: 7.4s
2025-12-25 19:48:25,545 - INFO - 保存最佳模型，准确率: 92.52%
2025-12-25 19:48:25,545 - INFO - Epoch 112/150 | Train Loss: 0.0630 | Train Acc: 97.90% | Test Loss: 0.2509 | Test Acc: 92.52% | F1 Score: 0.9254 | Time: 7.3s
2025-12-25 19:48:32,914 - INFO - 保存最佳模型，准确率: 93.58%
2025-12-25 19:48:32,914 - INFO - Epoch 113/150 | Train Loss: 0.0554 | Train Acc: 98.16% | Test Loss: 0.2346 | Test Acc: 93.58% | F1 Score: 0.9358 | Time: 7.4s
2025-12-25 19:48:40,204 - INFO - Epoch 114/150 | Train Loss: 0.0534 | Train Acc: 98.23% | Test Loss: 0.2522 | Test Acc: 92.82% | F1 Score: 0.9285 | Time: 7.3s
2025-12-25 19:48:47,694 - INFO - Epoch 115/150 | Train Loss: 0.0475 | Train Acc: 98.47% | Test Loss: 0.2395 | Test Acc: 93.09% | F1 Score: 0.9305 | Time: 7.5s
2025-12-25 19:48:55,507 - INFO - Epoch 116/150 | Train Loss: 0.0469 | Train Acc: 98.47% | Test Loss: 0.2620 | Test Acc: 92.31% | F1 Score: 0.9232 | Time: 7.8s
2025-12-25 19:49:02,926 - INFO - Epoch 117/150 | Train Loss: 0.0392 | Train Acc: 98.72% | Test Loss: 0.2523 | Test Acc: 93.17% | F1 Score: 0.9316 | Time: 7.4s
2025-12-25 19:49:10,445 - INFO - Epoch 118/150 | Train Loss: 0.0384 | Train Acc: 98.74% | Test Loss: 0.2491 | Test Acc: 92.95% | F1 Score: 0.9295 | Time: 7.5s
2025-12-25 19:49:17,914 - INFO - 保存最佳模型，准确率: 93.68%
2025-12-25 19:49:17,914 - INFO - Epoch 119/150 | Train Loss: 0.0335 | Train Acc: 98.92% | Test Loss: 0.2278 | Test Acc: 93.68% | F1 Score: 0.9369 | Time: 7.5s
2025-12-25 19:49:25,284 - INFO - Epoch 120/150 | Train Loss: 0.0314 | Train Acc: 99.01% | Test Loss: 0.2425 | Test Acc: 93.40% | F1 Score: 0.9338 | Time: 7.4s
2025-12-25 19:49:32,715 - INFO - Epoch 121/150 | Train Loss: 0.0278 | Train Acc: 99.13% | Test Loss: 0.2472 | Test Acc: 93.08% | F1 Score: 0.9309 | Time: 7.4s
2025-12-25 19:49:40,115 - INFO - 保存最佳模型，准确率: 94.00%
2025-12-25 19:49:40,115 - INFO - Epoch 122/150 | Train Loss: 0.0245 | Train Acc: 99.28% | Test Loss: 0.2274 | Test Acc: 94.00% | F1 Score: 0.9397 | Time: 7.4s
2025-12-25 19:49:47,402 - INFO - Epoch 123/150 | Train Loss: 0.0202 | Train Acc: 99.39% | Test Loss: 0.2390 | Test Acc: 93.66% | F1 Score: 0.9366 | Time: 7.3s
2025-12-25 19:49:54,696 - INFO - 保存最佳模型，准确率: 94.11%
2025-12-25 19:49:54,696 - INFO - Epoch 124/150 | Train Loss: 0.0175 | Train Acc: 99.52% | Test Loss: 0.2225 | Test Acc: 94.11% | F1 Score: 0.9411 | Time: 7.3s
2025-12-25 19:50:01,986 - INFO - 保存最佳模型，准确率: 94.51%
2025-12-25 19:50:01,987 - INFO - Epoch 125/150 | Train Loss: 0.0168 | Train Acc: 99.52% | Test Loss: 0.2127 | Test Acc: 94.51% | F1 Score: 0.9448 | Time: 7.3s
2025-12-25 19:50:09,310 - INFO - Epoch 126/150 | Train Loss: 0.0136 | Train Acc: 99.61% | Test Loss: 0.2174 | Test Acc: 94.36% | F1 Score: 0.9433 | Time: 7.3s
2025-12-25 19:50:16,712 - INFO - 保存最佳模型，准确率: 94.57%
2025-12-25 19:50:16,712 - INFO - Epoch 127/150 | Train Loss: 0.0117 | Train Acc: 99.69% | Test Loss: 0.2132 | Test Acc: 94.57% | F1 Score: 0.9457 | Time: 7.4s
2025-12-25 19:50:24,150 - INFO - Epoch 128/150 | Train Loss: 0.0101 | Train Acc: 99.74% | Test Loss: 0.2243 | Test Acc: 94.37% | F1 Score: 0.9438 | Time: 7.4s
2025-12-25 19:50:31,482 - INFO - Epoch 129/150 | Train Loss: 0.0094 | Train Acc: 99.76% | Test Loss: 0.2189 | Test Acc: 94.45% | F1 Score: 0.9445 | Time: 7.3s
2025-12-25 19:50:38,869 - INFO - 保存最佳模型，准确率: 94.65%
2025-12-25 19:50:38,869 - INFO - Epoch 130/150 | Train Loss: 0.0064 | Train Acc: 99.86% | Test Loss: 0.2105 | Test Acc: 94.65% | F1 Score: 0.9464 | Time: 7.4s
2025-12-25 19:50:46,214 - INFO - 保存最佳模型，准确率: 94.69%
2025-12-25 19:50:46,214 - INFO - Epoch 131/150 | Train Loss: 0.0057 | Train Acc: 99.89% | Test Loss: 0.2095 | Test Acc: 94.69% | F1 Score: 0.9469 | Time: 7.3s
2025-12-25 19:50:53,608 - INFO - Epoch 132/150 | Train Loss: 0.0046 | Train Acc: 99.92% | Test Loss: 0.2085 | Test Acc: 94.64% | F1 Score: 0.9464 | Time: 7.4s
2025-12-25 19:51:00,893 - INFO - 保存最佳模型，准确率: 94.92%
2025-12-25 19:51:00,893 - INFO - Epoch 133/150 | Train Loss: 0.0043 | Train Acc: 99.92% | Test Loss: 0.2045 | Test Acc: 94.92% | F1 Score: 0.9491 | Time: 7.3s
2025-12-25 19:51:08,170 - INFO - Epoch 134/150 | Train Loss: 0.0037 | Train Acc: 99.95% | Test Loss: 0.2073 | Test Acc: 94.67% | F1 Score: 0.9467 | Time: 7.3s
2025-12-25 19:51:15,530 - INFO - Epoch 135/150 | Train Loss: 0.0032 | Train Acc: 99.96% | Test Loss: 0.2003 | Test Acc: 94.84% | F1 Score: 0.9483 | Time: 7.4s
2025-12-25 19:51:22,896 - INFO - 保存最佳模型，准确率: 95.03%
2025-12-25 19:51:22,897 - INFO - Epoch 136/150 | Train Loss: 0.0031 | Train Acc: 99.97% | Test Loss: 0.1987 | Test Acc: 95.03% | F1 Score: 0.9503 | Time: 7.4s
2025-12-25 19:51:30,276 - INFO - 保存最佳模型，准确率: 95.12%
2025-12-25 19:51:30,277 - INFO - Epoch 137/150 | Train Loss: 0.0030 | Train Acc: 99.95% | Test Loss: 0.1990 | Test Acc: 95.12% | F1 Score: 0.9511 | Time: 7.4s
2025-12-25 19:51:37,533 - INFO - Epoch 138/150 | Train Loss: 0.0030 | Train Acc: 99.96% | Test Loss: 0.1977 | Test Acc: 95.03% | F1 Score: 0.9502 | Time: 7.3s
2025-12-25 19:51:44,908 - INFO - Epoch 139/150 | Train Loss: 0.0027 | Train Acc: 99.97% | Test Loss: 0.1984 | Test Acc: 95.07% | F1 Score: 0.9507 | Time: 7.4s
2025-12-25 19:51:52,375 - INFO - Epoch 140/150 | Train Loss: 0.0027 | Train Acc: 99.97% | Test Loss: 0.1965 | Test Acc: 95.02% | F1 Score: 0.9501 | Time: 7.5s
2025-12-25 19:51:59,710 - INFO - Epoch 141/150 | Train Loss: 0.0027 | Train Acc: 99.96% | Test Loss: 0.1954 | Test Acc: 95.07% | F1 Score: 0.9506 | Time: 7.3s
2025-12-25 19:52:07,036 - INFO - Epoch 142/150 | Train Loss: 0.0028 | Train Acc: 99.97% | Test Loss: 0.1947 | Test Acc: 95.08% | F1 Score: 0.9507 | Time: 7.3s
2025-12-25 19:52:14,373 - INFO - Epoch 143/150 | Train Loss: 0.0026 | Train Acc: 99.97% | Test Loss: 0.1949 | Test Acc: 95.07% | F1 Score: 0.9507 | Time: 7.3s
2025-12-25 19:52:21,862 - INFO - Epoch 144/150 | Train Loss: 0.0022 | Train Acc: 99.98% | Test Loss: 0.1949 | Test Acc: 95.04% | F1 Score: 0.9503 | Time: 7.5s
2025-12-25 19:52:29,199 - INFO - Epoch 145/150 | Train Loss: 0.0022 | Train Acc: 99.98% | Test Loss: 0.1934 | Test Acc: 95.08% | F1 Score: 0.9508 | Time: 7.3s
2025-12-25 19:52:36,625 - INFO - 保存最佳模型，准确率: 95.16%
2025-12-25 19:52:36,626 - INFO - Epoch 146/150 | Train Loss: 0.0023 | Train Acc: 99.98% | Test Loss: 0.1937 | Test Acc: 95.16% | F1 Score: 0.9516 | Time: 7.4s
2025-12-25 19:52:43,955 - INFO - Epoch 147/150 | Train Loss: 0.0027 | Train Acc: 99.97% | Test Loss: 0.1941 | Test Acc: 95.12% | F1 Score: 0.9511 | Time: 7.3s
2025-12-25 19:52:51,324 - INFO - Epoch 148/150 | Train Loss: 0.0022 | Train Acc: 99.99% | Test Loss: 0.1942 | Test Acc: 95.10% | F1 Score: 0.9509 | Time: 7.4s
2025-12-25 19:52:58,666 - INFO - Epoch 149/150 | Train Loss: 0.0024 | Train Acc: 99.97% | Test Loss: 0.1934 | Test Acc: 95.13% | F1 Score: 0.9512 | Time: 7.3s
2025-12-25 19:53:06,056 - INFO - 保存最佳模型，准确率: 95.19%
2025-12-25 19:53:06,056 - INFO - Epoch 150/150 | Train Loss: 0.0023 | Train Acc: 99.98% | Test Loss: 0.1935 | Test Acc: 95.19% | F1 Score: 0.9518 | Time: 7.4s
2025-12-25 19:53:06,056 - INFO - 训练完成！最佳测试准确率: 95.19%
2025-12-25 19:53:06,526 - INFO - 训练曲线已保存到: ./results/resnet18_baseline/plots/training_curves.png
2025-12-25 19:53:07,732 - INFO - 最终模型评估结果:
2025-12-25 19:53:07,732 - INFO -   accuracy: 0.9519
2025-12-25 19:53:07,732 - INFO -   f1_macro: 0.9518
2025-12-25 19:53:07,732 - INFO -   f1_weighted: 0.9518
2025-12-25 19:53:07,732 - INFO -   precision_macro: 0.9519
2025-12-25 19:53:07,732 - INFO -   recall_macro: 0.9519
2025-12-25 19:53:07,732 - INFO -   per_class_accuracy: [0.962, 0.98, 0.931, 0.879, 0.962, 0.923, 0.971, 0.972, 0.97, 0.969]
2025-12-25 19:53:07,732 - INFO -   mean_per_class_accuracy: 0.9519
