2025-12-25 20:20:46,219 - INFO - 训练器初始化完成
2025-12-25 20:20:46,220 - INFO - 优化器: SGD, 学习率: 0.1
2025-12-25 20:20:46,220 - INFO - 调度器: CosineAnnealingLR
2025-12-25 20:20:46,220 - INFO - 开始训练，共200个epoch
2025-12-25 20:20:55,708 - INFO - 保存最佳模型，准确率: 17.19%
2025-12-25 20:20:55,708 - INFO - Epoch 1/200 | Train Loss: 3.9083 | Train Acc: 9.54% | Test Loss: 3.4351 | Test Acc: 17.19% | F1 Score: 0.1444 | Time: 9.5s
2025-12-25 20:21:04,474 - INFO - 保存最佳模型，准确率: 23.20%
2025-12-25 20:21:04,474 - INFO - Epoch 2/200 | Train Loss: 3.0790 | Train Acc: 23.35% | Test Loss: 3.2272 | Test Acc: 23.20% | F1 Score: 0.2238 | Time: 8.8s
2025-12-25 20:21:13,385 - INFO - 保存最佳模型，准确率: 38.87%
2025-12-25 20:21:13,385 - INFO - Epoch 3/200 | Train Loss: 2.4767 | Train Acc: 34.75% | Test Loss: 2.3214 | Test Acc: 38.87% | F1 Score: 0.3699 | Time: 8.9s
2025-12-25 20:21:22,314 - INFO - 保存最佳模型，准确率: 43.96%
2025-12-25 20:21:22,315 - INFO - Epoch 4/200 | Train Loss: 2.1278 | Train Acc: 42.41% | Test Loss: 2.0829 | Test Acc: 43.96% | F1 Score: 0.4268 | Time: 8.9s
2025-12-25 20:21:31,353 - INFO - Epoch 5/200 | Train Loss: 1.8937 | Train Acc: 48.13% | Test Loss: 2.1719 | Test Acc: 43.40% | F1 Score: 0.4234 | Time: 9.0s
2025-12-25 20:21:40,355 - INFO - 保存最佳模型，准确率: 44.42%
2025-12-25 20:21:40,355 - INFO - Epoch 6/200 | Train Loss: 1.7509 | Train Acc: 51.28% | Test Loss: 2.1122 | Test Acc: 44.42% | F1 Score: 0.4326 | Time: 9.0s
2025-12-25 20:21:49,258 - INFO - 保存最佳模型，准确率: 49.83%
2025-12-25 20:21:49,258 - INFO - Epoch 7/200 | Train Loss: 1.6469 | Train Acc: 53.73% | Test Loss: 1.8700 | Test Acc: 49.83% | F1 Score: 0.4895 | Time: 8.9s
2025-12-25 20:21:58,251 - INFO - 保存最佳模型，准确率: 49.84%
2025-12-25 20:21:58,251 - INFO - Epoch 8/200 | Train Loss: 1.5662 | Train Acc: 56.07% | Test Loss: 1.8456 | Test Acc: 49.84% | F1 Score: 0.4911 | Time: 9.0s
2025-12-25 20:22:07,248 - INFO - Epoch 9/200 | Train Loss: 1.4990 | Train Acc: 57.44% | Test Loss: 1.9857 | Test Acc: 47.45% | F1 Score: 0.4735 | Time: 9.0s
2025-12-25 20:22:16,055 - INFO - 保存最佳模型，准确率: 53.76%
2025-12-25 20:22:16,056 - INFO - Epoch 10/200 | Train Loss: 1.4514 | Train Acc: 58.72% | Test Loss: 1.6784 | Test Acc: 53.76% | F1 Score: 0.5289 | Time: 8.8s
2025-12-25 20:22:24,989 - INFO - Epoch 11/200 | Train Loss: 1.4029 | Train Acc: 60.17% | Test Loss: 1.7743 | Test Acc: 51.52% | F1 Score: 0.5125 | Time: 8.9s
2025-12-25 20:22:33,708 - INFO - Epoch 12/200 | Train Loss: 1.3623 | Train Acc: 60.97% | Test Loss: 1.8129 | Test Acc: 51.12% | F1 Score: 0.5136 | Time: 8.7s
2025-12-25 20:22:42,643 - INFO - 保存最佳模型，准确率: 55.68%
2025-12-25 20:22:42,643 - INFO - Epoch 13/200 | Train Loss: 1.3299 | Train Acc: 61.93% | Test Loss: 1.6386 | Test Acc: 55.68% | F1 Score: 0.5559 | Time: 8.9s
2025-12-25 20:22:51,255 - INFO - Epoch 14/200 | Train Loss: 1.3035 | Train Acc: 62.63% | Test Loss: 1.7598 | Test Acc: 53.76% | F1 Score: 0.5408 | Time: 8.6s
2025-12-25 20:22:59,974 - INFO - Epoch 15/200 | Train Loss: 1.2792 | Train Acc: 63.02% | Test Loss: 1.7119 | Test Acc: 54.19% | F1 Score: 0.5332 | Time: 8.7s
2025-12-25 20:23:08,907 - INFO - 保存最佳模型，准确率: 58.38%
2025-12-25 20:23:08,907 - INFO - Epoch 16/200 | Train Loss: 1.2567 | Train Acc: 63.77% | Test Loss: 1.4934 | Test Acc: 58.38% | F1 Score: 0.5847 | Time: 8.9s
2025-12-25 20:23:17,988 - INFO - Epoch 17/200 | Train Loss: 1.2411 | Train Acc: 64.48% | Test Loss: 1.6919 | Test Acc: 55.10% | F1 Score: 0.5604 | Time: 9.1s
2025-12-25 20:23:26,774 - INFO - Epoch 18/200 | Train Loss: 1.2236 | Train Acc: 64.65% | Test Loss: 2.3161 | Test Acc: 45.90% | F1 Score: 0.4673 | Time: 8.8s
2025-12-25 20:23:35,637 - INFO - 保存最佳模型，准确率: 60.15%
2025-12-25 20:23:35,638 - INFO - Epoch 19/200 | Train Loss: 1.2046 | Train Acc: 65.03% | Test Loss: 1.4258 | Test Acc: 60.15% | F1 Score: 0.5974 | Time: 8.9s
2025-12-25 20:23:44,499 - INFO - Epoch 20/200 | Train Loss: 1.1882 | Train Acc: 65.44% | Test Loss: 1.6008 | Test Acc: 57.69% | F1 Score: 0.5839 | Time: 8.9s
2025-12-25 20:23:53,271 - INFO - Epoch 21/200 | Train Loss: 1.1789 | Train Acc: 65.79% | Test Loss: 1.6427 | Test Acc: 55.45% | F1 Score: 0.5558 | Time: 8.8s
2025-12-25 20:24:02,304 - INFO - 保存最佳模型，准确率: 60.33%
2025-12-25 20:24:02,304 - INFO - Epoch 22/200 | Train Loss: 1.1638 | Train Acc: 66.25% | Test Loss: 1.4434 | Test Acc: 60.33% | F1 Score: 0.5991 | Time: 9.0s
2025-12-25 20:24:11,265 - INFO - Epoch 23/200 | Train Loss: 1.1498 | Train Acc: 66.43% | Test Loss: 1.6861 | Test Acc: 55.81% | F1 Score: 0.5605 | Time: 9.0s
2025-12-25 20:24:19,982 - INFO - Epoch 24/200 | Train Loss: 1.1459 | Train Acc: 66.89% | Test Loss: 1.4460 | Test Acc: 59.73% | F1 Score: 0.5970 | Time: 8.7s
2025-12-25 20:24:29,099 - INFO - Epoch 25/200 | Train Loss: 1.1339 | Train Acc: 66.78% | Test Loss: 1.5206 | Test Acc: 58.41% | F1 Score: 0.5811 | Time: 9.1s
2025-12-25 20:24:37,727 - INFO - Epoch 26/200 | Train Loss: 1.1295 | Train Acc: 67.13% | Test Loss: 1.4749 | Test Acc: 59.97% | F1 Score: 0.6031 | Time: 8.6s
2025-12-25 20:24:46,894 - INFO - Epoch 27/200 | Train Loss: 1.1256 | Train Acc: 67.25% | Test Loss: 1.6277 | Test Acc: 55.78% | F1 Score: 0.5565 | Time: 9.2s
2025-12-25 20:24:56,090 - INFO - 保存最佳模型，准确率: 60.87%
2025-12-25 20:24:56,090 - INFO - Epoch 28/200 | Train Loss: 1.1004 | Train Acc: 67.67% | Test Loss: 1.4242 | Test Acc: 60.87% | F1 Score: 0.6042 | Time: 9.2s
2025-12-25 20:25:04,798 - INFO - Epoch 29/200 | Train Loss: 1.1008 | Train Acc: 67.82% | Test Loss: 1.7887 | Test Acc: 53.20% | F1 Score: 0.5252 | Time: 8.7s
2025-12-25 20:25:13,785 - INFO - Epoch 30/200 | Train Loss: 1.0941 | Train Acc: 68.16% | Test Loss: 1.7134 | Test Acc: 55.32% | F1 Score: 0.5501 | Time: 9.0s
2025-12-25 20:25:22,461 - INFO - Epoch 31/200 | Train Loss: 1.0912 | Train Acc: 68.15% | Test Loss: 1.5083 | Test Acc: 59.96% | F1 Score: 0.5977 | Time: 8.7s
2025-12-25 20:25:31,356 - INFO - Epoch 32/200 | Train Loss: 1.0798 | Train Acc: 68.46% | Test Loss: 1.6156 | Test Acc: 57.12% | F1 Score: 0.5715 | Time: 8.9s
2025-12-25 20:25:40,016 - INFO - Epoch 33/200 | Train Loss: 1.0696 | Train Acc: 68.51% | Test Loss: 1.5949 | Test Acc: 57.83% | F1 Score: 0.5757 | Time: 8.7s
2025-12-25 20:25:48,721 - INFO - Epoch 34/200 | Train Loss: 1.0636 | Train Acc: 68.84% | Test Loss: 1.5061 | Test Acc: 58.66% | F1 Score: 0.5876 | Time: 8.7s
2025-12-25 20:25:57,467 - INFO - Epoch 35/200 | Train Loss: 1.0560 | Train Acc: 68.91% | Test Loss: 1.4749 | Test Acc: 59.70% | F1 Score: 0.6007 | Time: 8.7s
2025-12-25 20:26:06,762 - INFO - Epoch 36/200 | Train Loss: 1.0519 | Train Acc: 69.33% | Test Loss: 1.5345 | Test Acc: 58.99% | F1 Score: 0.5868 | Time: 9.3s
2025-12-25 20:26:15,713 - INFO - Epoch 37/200 | Train Loss: 1.0446 | Train Acc: 69.50% | Test Loss: 1.6047 | Test Acc: 57.73% | F1 Score: 0.5772 | Time: 9.0s
2025-12-25 20:26:24,525 - INFO - Epoch 38/200 | Train Loss: 1.0353 | Train Acc: 69.62% | Test Loss: 1.5701 | Test Acc: 58.88% | F1 Score: 0.5866 | Time: 8.8s
2025-12-25 20:26:33,708 - INFO - Epoch 39/200 | Train Loss: 1.0372 | Train Acc: 69.48% | Test Loss: 1.8192 | Test Acc: 53.43% | F1 Score: 0.5415 | Time: 9.2s
2025-12-25 20:26:42,777 - INFO - Epoch 40/200 | Train Loss: 1.0304 | Train Acc: 70.03% | Test Loss: 1.5089 | Test Acc: 60.64% | F1 Score: 0.6107 | Time: 9.1s
2025-12-25 20:26:51,787 - INFO - Epoch 41/200 | Train Loss: 1.0324 | Train Acc: 69.72% | Test Loss: 1.5605 | Test Acc: 58.54% | F1 Score: 0.5884 | Time: 9.0s
2025-12-25 20:27:00,570 - INFO - Epoch 42/200 | Train Loss: 1.0144 | Train Acc: 70.32% | Test Loss: 1.5033 | Test Acc: 59.89% | F1 Score: 0.5997 | Time: 8.8s
2025-12-25 20:27:09,653 - INFO - 保存最佳模型，准确率: 61.90%
2025-12-25 20:27:09,653 - INFO - Epoch 43/200 | Train Loss: 1.0167 | Train Acc: 69.99% | Test Loss: 1.4059 | Test Acc: 61.90% | F1 Score: 0.6177 | Time: 9.1s
2025-12-25 20:27:18,630 - INFO - Epoch 44/200 | Train Loss: 1.0084 | Train Acc: 70.46% | Test Loss: 1.3896 | Test Acc: 61.38% | F1 Score: 0.6125 | Time: 9.0s
2025-12-25 20:27:27,645 - INFO - Epoch 45/200 | Train Loss: 1.0002 | Train Acc: 70.56% | Test Loss: 1.4396 | Test Acc: 60.63% | F1 Score: 0.6063 | Time: 9.0s
2025-12-25 20:27:36,867 - INFO - Epoch 46/200 | Train Loss: 0.9928 | Train Acc: 70.84% | Test Loss: 1.5017 | Test Acc: 59.65% | F1 Score: 0.6018 | Time: 9.2s
2025-12-25 20:27:45,153 - INFO - Epoch 47/200 | Train Loss: 0.9957 | Train Acc: 70.62% | Test Loss: 1.7214 | Test Acc: 57.04% | F1 Score: 0.5751 | Time: 8.3s
2025-12-25 20:27:54,075 - INFO - Epoch 48/200 | Train Loss: 0.9849 | Train Acc: 70.79% | Test Loss: 1.5008 | Test Acc: 60.19% | F1 Score: 0.6060 | Time: 8.9s
2025-12-25 20:28:02,889 - INFO - Epoch 49/200 | Train Loss: 0.9696 | Train Acc: 71.38% | Test Loss: 1.4117 | Test Acc: 61.54% | F1 Score: 0.6149 | Time: 8.8s
2025-12-25 20:28:11,775 - INFO - Epoch 50/200 | Train Loss: 0.9766 | Train Acc: 71.18% | Test Loss: 1.4476 | Test Acc: 61.24% | F1 Score: 0.6115 | Time: 8.9s
2025-12-25 20:28:20,698 - INFO - Epoch 51/200 | Train Loss: 0.9598 | Train Acc: 71.80% | Test Loss: 1.4773 | Test Acc: 60.40% | F1 Score: 0.6019 | Time: 8.9s
2025-12-25 20:28:29,578 - INFO - 保存最佳模型，准确率: 63.13%
2025-12-25 20:28:29,578 - INFO - Epoch 52/200 | Train Loss: 0.9659 | Train Acc: 71.53% | Test Loss: 1.3561 | Test Acc: 63.13% | F1 Score: 0.6272 | Time: 8.9s
2025-12-25 20:28:38,561 - INFO - Epoch 53/200 | Train Loss: 0.9492 | Train Acc: 72.10% | Test Loss: 1.5861 | Test Acc: 59.46% | F1 Score: 0.6013 | Time: 9.0s
2025-12-25 20:28:46,848 - INFO - Epoch 54/200 | Train Loss: 0.9473 | Train Acc: 71.97% | Test Loss: 1.4421 | Test Acc: 61.33% | F1 Score: 0.6158 | Time: 8.3s
2025-12-25 20:28:55,101 - INFO - Epoch 55/200 | Train Loss: 0.9464 | Train Acc: 71.94% | Test Loss: 1.4796 | Test Acc: 59.90% | F1 Score: 0.5941 | Time: 8.3s
2025-12-25 20:29:03,980 - INFO - Epoch 56/200 | Train Loss: 0.9458 | Train Acc: 72.16% | Test Loss: 1.6672 | Test Acc: 57.13% | F1 Score: 0.5752 | Time: 8.9s
2025-12-25 20:29:12,615 - INFO - Epoch 57/200 | Train Loss: 0.9243 | Train Acc: 72.63% | Test Loss: 1.4276 | Test Acc: 61.88% | F1 Score: 0.6156 | Time: 8.6s
2025-12-25 20:29:21,498 - INFO - Epoch 58/200 | Train Loss: 0.9192 | Train Acc: 72.83% | Test Loss: 1.6404 | Test Acc: 57.18% | F1 Score: 0.5722 | Time: 8.9s
2025-12-25 20:29:30,884 - INFO - Epoch 59/200 | Train Loss: 0.9163 | Train Acc: 72.73% | Test Loss: 1.4538 | Test Acc: 61.26% | F1 Score: 0.6219 | Time: 9.4s
2025-12-25 20:29:40,059 - INFO - Epoch 60/200 | Train Loss: 0.9076 | Train Acc: 73.11% | Test Loss: 1.4683 | Test Acc: 61.03% | F1 Score: 0.6119 | Time: 9.2s
2025-12-25 20:29:49,035 - INFO - Epoch 61/200 | Train Loss: 0.9016 | Train Acc: 73.19% | Test Loss: 1.4921 | Test Acc: 61.20% | F1 Score: 0.6129 | Time: 9.0s
2025-12-25 20:29:57,717 - INFO - 保存最佳模型，准确率: 63.23%
2025-12-25 20:29:57,717 - INFO - Epoch 62/200 | Train Loss: 0.8950 | Train Acc: 73.26% | Test Loss: 1.3581 | Test Acc: 63.23% | F1 Score: 0.6333 | Time: 8.7s
2025-12-25 20:30:06,484 - INFO - Epoch 63/200 | Train Loss: 0.8912 | Train Acc: 73.44% | Test Loss: 1.3272 | Test Acc: 63.04% | F1 Score: 0.6300 | Time: 8.8s
2025-12-25 20:30:15,204 - INFO - Epoch 64/200 | Train Loss: 0.8870 | Train Acc: 73.44% | Test Loss: 1.7070 | Test Acc: 57.78% | F1 Score: 0.5796 | Time: 8.7s
2025-12-25 20:30:23,989 - INFO - Epoch 65/200 | Train Loss: 0.8735 | Train Acc: 74.05% | Test Loss: 1.4640 | Test Acc: 61.44% | F1 Score: 0.6142 | Time: 8.8s
2025-12-25 20:30:32,931 - INFO - Epoch 66/200 | Train Loss: 0.8660 | Train Acc: 74.28% | Test Loss: 1.3794 | Test Acc: 63.15% | F1 Score: 0.6312 | Time: 8.9s
2025-12-25 20:30:41,561 - INFO - Epoch 67/200 | Train Loss: 0.8637 | Train Acc: 74.32% | Test Loss: 1.4317 | Test Acc: 61.87% | F1 Score: 0.6180 | Time: 8.6s
2025-12-25 20:30:50,834 - INFO - 保存最佳模型，准确率: 63.62%
2025-12-25 20:30:50,835 - INFO - Epoch 68/200 | Train Loss: 0.8668 | Train Acc: 74.19% | Test Loss: 1.3344 | Test Acc: 63.62% | F1 Score: 0.6364 | Time: 9.3s
2025-12-25 20:30:59,968 - INFO - Epoch 69/200 | Train Loss: 0.8426 | Train Acc: 74.86% | Test Loss: 1.3943 | Test Acc: 62.17% | F1 Score: 0.6188 | Time: 9.1s
2025-12-25 20:31:08,864 - INFO - Epoch 70/200 | Train Loss: 0.8439 | Train Acc: 74.87% | Test Loss: 1.4395 | Test Acc: 62.83% | F1 Score: 0.6241 | Time: 8.9s
2025-12-25 20:31:17,867 - INFO - Epoch 71/200 | Train Loss: 0.8397 | Train Acc: 74.69% | Test Loss: 1.6057 | Test Acc: 59.12% | F1 Score: 0.5935 | Time: 9.0s
2025-12-25 20:31:26,796 - INFO - Epoch 72/200 | Train Loss: 0.8314 | Train Acc: 75.03% | Test Loss: 1.4472 | Test Acc: 62.30% | F1 Score: 0.6270 | Time: 8.9s
2025-12-25 20:31:35,279 - INFO - Epoch 73/200 | Train Loss: 0.8164 | Train Acc: 75.40% | Test Loss: 1.5080 | Test Acc: 60.41% | F1 Score: 0.6035 | Time: 8.5s
2025-12-25 20:31:44,017 - INFO - Epoch 74/200 | Train Loss: 0.8122 | Train Acc: 75.70% | Test Loss: 1.5257 | Test Acc: 60.11% | F1 Score: 0.6036 | Time: 8.7s
2025-12-25 20:31:52,637 - INFO - Epoch 75/200 | Train Loss: 0.8001 | Train Acc: 75.89% | Test Loss: 1.4062 | Test Acc: 62.90% | F1 Score: 0.6300 | Time: 8.6s
2025-12-25 20:32:01,816 - INFO - 保存最佳模型，准确率: 63.99%
2025-12-25 20:32:01,817 - INFO - Epoch 76/200 | Train Loss: 0.8010 | Train Acc: 75.95% | Test Loss: 1.3303 | Test Acc: 63.99% | F1 Score: 0.6413 | Time: 9.2s
2025-12-25 20:32:10,633 - INFO - Epoch 77/200 | Train Loss: 0.7849 | Train Acc: 76.33% | Test Loss: 1.4011 | Test Acc: 62.45% | F1 Score: 0.6301 | Time: 8.8s
2025-12-25 20:32:19,293 - INFO - 保存最佳模型，准确率: 64.56%
2025-12-25 20:32:19,293 - INFO - Epoch 78/200 | Train Loss: 0.7742 | Train Acc: 76.77% | Test Loss: 1.3394 | Test Acc: 64.56% | F1 Score: 0.6447 | Time: 8.7s
2025-12-25 20:32:28,109 - INFO - Epoch 79/200 | Train Loss: 0.7746 | Train Acc: 76.69% | Test Loss: 1.5288 | Test Acc: 60.86% | F1 Score: 0.6099 | Time: 8.8s
2025-12-25 20:32:37,044 - INFO - Epoch 80/200 | Train Loss: 0.7673 | Train Acc: 77.03% | Test Loss: 1.4350 | Test Acc: 61.67% | F1 Score: 0.6163 | Time: 8.9s
2025-12-25 20:32:45,970 - INFO - Epoch 81/200 | Train Loss: 0.7516 | Train Acc: 77.46% | Test Loss: 1.4351 | Test Acc: 63.15% | F1 Score: 0.6330 | Time: 8.9s
2025-12-25 20:32:55,217 - INFO - Epoch 82/200 | Train Loss: 0.7653 | Train Acc: 76.73% | Test Loss: 1.4186 | Test Acc: 63.22% | F1 Score: 0.6305 | Time: 9.2s
2025-12-25 20:33:03,942 - INFO - Epoch 83/200 | Train Loss: 0.7380 | Train Acc: 77.63% | Test Loss: 1.4043 | Test Acc: 63.74% | F1 Score: 0.6395 | Time: 8.7s
2025-12-25 20:33:12,928 - INFO - 保存最佳模型，准确率: 65.24%
2025-12-25 20:33:12,928 - INFO - Epoch 84/200 | Train Loss: 0.7318 | Train Acc: 77.81% | Test Loss: 1.3141 | Test Acc: 65.24% | F1 Score: 0.6556 | Time: 9.0s
2025-12-25 20:33:21,466 - INFO - Epoch 85/200 | Train Loss: 0.7334 | Train Acc: 77.65% | Test Loss: 1.4263 | Test Acc: 63.59% | F1 Score: 0.6331 | Time: 8.5s
2025-12-25 20:33:30,157 - INFO - Epoch 86/200 | Train Loss: 0.7110 | Train Acc: 78.45% | Test Loss: 1.5536 | Test Acc: 60.00% | F1 Score: 0.6031 | Time: 8.7s
2025-12-25 20:33:39,105 - INFO - Epoch 87/200 | Train Loss: 0.7110 | Train Acc: 78.35% | Test Loss: 1.4425 | Test Acc: 63.46% | F1 Score: 0.6380 | Time: 8.9s
2025-12-25 20:33:47,990 - INFO - Epoch 88/200 | Train Loss: 0.6889 | Train Acc: 79.07% | Test Loss: 1.2926 | Test Acc: 64.96% | F1 Score: 0.6497 | Time: 8.9s
2025-12-25 20:33:56,805 - INFO - Epoch 89/200 | Train Loss: 0.6908 | Train Acc: 79.13% | Test Loss: 1.3905 | Test Acc: 63.73% | F1 Score: 0.6407 | Time: 8.8s
2025-12-25 20:34:05,988 - INFO - Epoch 90/200 | Train Loss: 0.6795 | Train Acc: 79.29% | Test Loss: 1.5062 | Test Acc: 62.08% | F1 Score: 0.6236 | Time: 9.2s
2025-12-25 20:34:14,965 - INFO - Epoch 91/200 | Train Loss: 0.6756 | Train Acc: 79.52% | Test Loss: 1.4100 | Test Acc: 63.92% | F1 Score: 0.6390 | Time: 9.0s
2025-12-25 20:34:23,739 - INFO - Epoch 92/200 | Train Loss: 0.6643 | Train Acc: 79.95% | Test Loss: 1.3453 | Test Acc: 64.20% | F1 Score: 0.6416 | Time: 8.8s
2025-12-25 20:34:32,925 - INFO - 保存最佳模型，准确率: 66.16%
2025-12-25 20:34:32,925 - INFO - Epoch 93/200 | Train Loss: 0.6627 | Train Acc: 79.75% | Test Loss: 1.2990 | Test Acc: 66.16% | F1 Score: 0.6637 | Time: 9.2s
2025-12-25 20:34:42,240 - INFO - Epoch 94/200 | Train Loss: 0.6432 | Train Acc: 80.25% | Test Loss: 1.4097 | Test Acc: 63.59% | F1 Score: 0.6368 | Time: 9.3s
2025-12-25 20:34:51,319 - INFO - Epoch 95/200 | Train Loss: 0.6341 | Train Acc: 80.52% | Test Loss: 1.4146 | Test Acc: 63.21% | F1 Score: 0.6345 | Time: 9.1s
2025-12-25 20:35:00,219 - INFO - Epoch 96/200 | Train Loss: 0.6249 | Train Acc: 80.89% | Test Loss: 1.5469 | Test Acc: 62.39% | F1 Score: 0.6277 | Time: 8.9s
2025-12-25 20:35:09,052 - INFO - Epoch 97/200 | Train Loss: 0.6236 | Train Acc: 80.92% | Test Loss: 1.4230 | Test Acc: 63.42% | F1 Score: 0.6371 | Time: 8.8s
2025-12-25 20:35:17,755 - INFO - Epoch 98/200 | Train Loss: 0.6180 | Train Acc: 81.23% | Test Loss: 1.3923 | Test Acc: 64.33% | F1 Score: 0.6455 | Time: 8.7s
2025-12-25 20:35:26,352 - INFO - Epoch 99/200 | Train Loss: 0.6007 | Train Acc: 81.31% | Test Loss: 1.3656 | Test Acc: 65.68% | F1 Score: 0.6568 | Time: 8.6s
2025-12-25 20:35:34,753 - INFO - Epoch 100/200 | Train Loss: 0.5891 | Train Acc: 81.87% | Test Loss: 1.3952 | Test Acc: 64.46% | F1 Score: 0.6476 | Time: 8.4s
2025-12-25 20:35:43,655 - INFO - Epoch 101/200 | Train Loss: 0.5774 | Train Acc: 82.29% | Test Loss: 1.3495 | Test Acc: 64.84% | F1 Score: 0.6523 | Time: 8.9s
2025-12-25 20:35:52,607 - INFO - Epoch 102/200 | Train Loss: 0.5769 | Train Acc: 82.16% | Test Loss: 1.4415 | Test Acc: 64.48% | F1 Score: 0.6535 | Time: 9.0s
2025-12-25 20:36:01,502 - INFO - Epoch 103/200 | Train Loss: 0.5562 | Train Acc: 82.80% | Test Loss: 1.3603 | Test Acc: 65.79% | F1 Score: 0.6565 | Time: 8.9s
2025-12-25 20:36:10,271 - INFO - Epoch 104/200 | Train Loss: 0.5517 | Train Acc: 83.09% | Test Loss: 1.4217 | Test Acc: 64.77% | F1 Score: 0.6462 | Time: 8.8s
2025-12-25 20:36:19,177 - INFO - Epoch 105/200 | Train Loss: 0.5278 | Train Acc: 83.64% | Test Loss: 1.4142 | Test Acc: 64.96% | F1 Score: 0.6489 | Time: 8.9s
2025-12-25 20:36:28,224 - INFO - Epoch 106/200 | Train Loss: 0.5404 | Train Acc: 83.28% | Test Loss: 1.3655 | Test Acc: 65.25% | F1 Score: 0.6536 | Time: 9.0s
2025-12-25 20:36:37,062 - INFO - Epoch 107/200 | Train Loss: 0.5151 | Train Acc: 84.09% | Test Loss: 1.3556 | Test Acc: 65.70% | F1 Score: 0.6561 | Time: 8.8s
2025-12-25 20:36:45,724 - INFO - Epoch 108/200 | Train Loss: 0.5072 | Train Acc: 84.35% | Test Loss: 1.3626 | Test Acc: 66.06% | F1 Score: 0.6585 | Time: 8.7s
2025-12-25 20:36:54,520 - INFO - 保存最佳模型，准确率: 67.59%
2025-12-25 20:36:54,521 - INFO - Epoch 109/200 | Train Loss: 0.5085 | Train Acc: 84.32% | Test Loss: 1.2766 | Test Acc: 67.59% | F1 Score: 0.6783 | Time: 8.8s
2025-12-25 20:37:03,635 - INFO - Epoch 110/200 | Train Loss: 0.4792 | Train Acc: 85.11% | Test Loss: 1.4981 | Test Acc: 63.57% | F1 Score: 0.6379 | Time: 9.1s
2025-12-25 20:37:12,413 - INFO - Epoch 111/200 | Train Loss: 0.4837 | Train Acc: 84.93% | Test Loss: 1.2644 | Test Acc: 67.23% | F1 Score: 0.6711 | Time: 8.8s
2025-12-25 20:37:21,024 - INFO - Epoch 112/200 | Train Loss: 0.4583 | Train Acc: 85.88% | Test Loss: 1.3940 | Test Acc: 64.94% | F1 Score: 0.6516 | Time: 8.6s
2025-12-25 20:37:29,657 - INFO - Epoch 113/200 | Train Loss: 0.4695 | Train Acc: 85.39% | Test Loss: 1.3095 | Test Acc: 67.57% | F1 Score: 0.6747 | Time: 8.6s
2025-12-25 20:37:38,324 - INFO - Epoch 114/200 | Train Loss: 0.4416 | Train Acc: 86.43% | Test Loss: 1.3560 | Test Acc: 66.41% | F1 Score: 0.6643 | Time: 8.7s
2025-12-25 20:37:46,976 - INFO - Epoch 115/200 | Train Loss: 0.4422 | Train Acc: 86.31% | Test Loss: 1.4119 | Test Acc: 66.06% | F1 Score: 0.6626 | Time: 8.7s
2025-12-25 20:37:55,991 - INFO - Epoch 116/200 | Train Loss: 0.4325 | Train Acc: 86.68% | Test Loss: 1.4553 | Test Acc: 65.79% | F1 Score: 0.6584 | Time: 9.0s
2025-12-25 20:38:05,045 - INFO - 保存最佳模型，准确率: 67.63%
2025-12-25 20:38:05,045 - INFO - Epoch 117/200 | Train Loss: 0.4163 | Train Acc: 87.24% | Test Loss: 1.3215 | Test Acc: 67.63% | F1 Score: 0.6765 | Time: 9.1s
2025-12-25 20:38:13,960 - INFO - Epoch 118/200 | Train Loss: 0.4105 | Train Acc: 87.22% | Test Loss: 1.3297 | Test Acc: 67.14% | F1 Score: 0.6707 | Time: 8.9s
2025-12-25 20:38:22,893 - INFO - Epoch 119/200 | Train Loss: 0.3889 | Train Acc: 88.09% | Test Loss: 1.3265 | Test Acc: 66.95% | F1 Score: 0.6695 | Time: 8.9s
2025-12-25 20:38:31,686 - INFO - Epoch 120/200 | Train Loss: 0.3829 | Train Acc: 88.10% | Test Loss: 1.4166 | Test Acc: 65.98% | F1 Score: 0.6626 | Time: 8.8s
2025-12-25 20:38:40,472 - INFO - 保存最佳模型，准确率: 67.66%
2025-12-25 20:38:40,472 - INFO - Epoch 121/200 | Train Loss: 0.3781 | Train Acc: 88.36% | Test Loss: 1.3343 | Test Acc: 67.66% | F1 Score: 0.6773 | Time: 8.8s
2025-12-25 20:38:49,582 - INFO - Epoch 122/200 | Train Loss: 0.3545 | Train Acc: 89.09% | Test Loss: 1.4327 | Test Acc: 65.67% | F1 Score: 0.6570 | Time: 9.1s
2025-12-25 20:38:58,750 - INFO - Epoch 123/200 | Train Loss: 0.3505 | Train Acc: 89.10% | Test Loss: 1.5357 | Test Acc: 64.49% | F1 Score: 0.6491 | Time: 9.2s
2025-12-25 20:39:07,679 - INFO - Epoch 124/200 | Train Loss: 0.3490 | Train Acc: 89.12% | Test Loss: 1.3328 | Test Acc: 67.50% | F1 Score: 0.6765 | Time: 8.9s
2025-12-25 20:39:16,523 - INFO - 保存最佳模型，准确率: 67.92%
2025-12-25 20:39:16,523 - INFO - Epoch 125/200 | Train Loss: 0.3207 | Train Acc: 90.07% | Test Loss: 1.3612 | Test Acc: 67.92% | F1 Score: 0.6791 | Time: 8.8s
2025-12-25 20:39:25,422 - INFO - Epoch 126/200 | Train Loss: 0.3320 | Train Acc: 89.77% | Test Loss: 1.3705 | Test Acc: 67.03% | F1 Score: 0.6720 | Time: 8.9s
2025-12-25 20:39:34,157 - INFO - Epoch 127/200 | Train Loss: 0.3091 | Train Acc: 90.53% | Test Loss: 1.3736 | Test Acc: 67.08% | F1 Score: 0.6723 | Time: 8.7s
2025-12-25 20:39:43,179 - INFO - 保存最佳模型，准确率: 68.42%
2025-12-25 20:39:43,180 - INFO - Epoch 128/200 | Train Loss: 0.2972 | Train Acc: 90.79% | Test Loss: 1.3059 | Test Acc: 68.42% | F1 Score: 0.6849 | Time: 9.0s
2025-12-25 20:39:52,246 - INFO - Epoch 129/200 | Train Loss: 0.2844 | Train Acc: 91.22% | Test Loss: 1.3294 | Test Acc: 68.11% | F1 Score: 0.6810 | Time: 9.1s
2025-12-25 20:40:00,930 - INFO - Epoch 130/200 | Train Loss: 0.2807 | Train Acc: 91.40% | Test Loss: 1.4013 | Test Acc: 67.11% | F1 Score: 0.6741 | Time: 8.7s
2025-12-25 20:40:09,877 - INFO - Epoch 131/200 | Train Loss: 0.2729 | Train Acc: 91.72% | Test Loss: 1.3712 | Test Acc: 67.74% | F1 Score: 0.6781 | Time: 8.9s
2025-12-25 20:40:18,931 - INFO - Epoch 132/200 | Train Loss: 0.2682 | Train Acc: 91.77% | Test Loss: 1.4336 | Test Acc: 66.27% | F1 Score: 0.6686 | Time: 9.1s
2025-12-25 20:40:27,939 - INFO - Epoch 133/200 | Train Loss: 0.2524 | Train Acc: 92.35% | Test Loss: 1.3652 | Test Acc: 68.12% | F1 Score: 0.6815 | Time: 9.0s
2025-12-25 20:40:37,073 - INFO - 保存最佳模型，准确率: 68.47%
2025-12-25 20:40:37,073 - INFO - Epoch 134/200 | Train Loss: 0.2382 | Train Acc: 92.72% | Test Loss: 1.3123 | Test Acc: 68.47% | F1 Score: 0.6848 | Time: 9.1s
2025-12-25 20:40:45,901 - INFO - 保存最佳模型，准确率: 69.41%
2025-12-25 20:40:45,901 - INFO - Epoch 135/200 | Train Loss: 0.2236 | Train Acc: 93.24% | Test Loss: 1.3108 | Test Acc: 69.41% | F1 Score: 0.6949 | Time: 8.8s
2025-12-25 20:40:53,897 - INFO - 保存最佳模型，准确率: 70.37%
2025-12-25 20:40:53,897 - INFO - Epoch 136/200 | Train Loss: 0.2178 | Train Acc: 93.42% | Test Loss: 1.2568 | Test Acc: 70.37% | F1 Score: 0.7049 | Time: 8.0s
2025-12-25 20:41:02,374 - INFO - Epoch 137/200 | Train Loss: 0.2063 | Train Acc: 93.79% | Test Loss: 1.2665 | Test Acc: 70.17% | F1 Score: 0.7025 | Time: 8.5s
2025-12-25 20:41:11,339 - INFO - 保存最佳模型，准确率: 70.49%
2025-12-25 20:41:11,339 - INFO - Epoch 138/200 | Train Loss: 0.1966 | Train Acc: 94.12% | Test Loss: 1.2293 | Test Acc: 70.49% | F1 Score: 0.7038 | Time: 9.0s
2025-12-25 20:41:20,360 - INFO - Epoch 139/200 | Train Loss: 0.1795 | Train Acc: 94.70% | Test Loss: 1.2286 | Test Acc: 69.88% | F1 Score: 0.6996 | Time: 9.0s
2025-12-25 20:41:29,611 - INFO - 保存最佳模型，准确率: 70.71%
2025-12-25 20:41:29,661 - INFO - Epoch 140/200 | Train Loss: 0.1818 | Train Acc: 94.71% | Test Loss: 1.2391 | Test Acc: 70.71% | F1 Score: 0.7077 | Time: 9.3s
2025-12-25 20:41:38,434 - INFO - Epoch 141/200 | Train Loss: 0.1745 | Train Acc: 94.94% | Test Loss: 1.2373 | Test Acc: 70.70% | F1 Score: 0.7067 | Time: 8.8s
2025-12-25 20:41:47,421 - INFO - 保存最佳模型，准确率: 70.96%
2025-12-25 20:41:47,421 - INFO - Epoch 142/200 | Train Loss: 0.1634 | Train Acc: 95.32% | Test Loss: 1.2286 | Test Acc: 70.96% | F1 Score: 0.7121 | Time: 9.0s
2025-12-25 20:41:56,273 - INFO - 保存最佳模型，准确率: 71.24%
2025-12-25 20:41:56,273 - INFO - Epoch 143/200 | Train Loss: 0.1436 | Train Acc: 96.01% | Test Loss: 1.2138 | Test Acc: 71.24% | F1 Score: 0.7128 | Time: 8.9s
2025-12-25 20:42:05,043 - INFO - Epoch 144/200 | Train Loss: 0.1355 | Train Acc: 96.21% | Test Loss: 1.2959 | Test Acc: 69.93% | F1 Score: 0.6992 | Time: 8.8s
2025-12-25 20:42:14,144 - INFO - Epoch 145/200 | Train Loss: 0.1321 | Train Acc: 96.33% | Test Loss: 1.2109 | Test Acc: 71.14% | F1 Score: 0.7108 | Time: 9.1s
2025-12-25 20:42:23,146 - INFO - 保存最佳模型，准确率: 72.12%
2025-12-25 20:42:23,146 - INFO - Epoch 146/200 | Train Loss: 0.1219 | Train Acc: 96.71% | Test Loss: 1.1870 | Test Acc: 72.12% | F1 Score: 0.7211 | Time: 9.0s
2025-12-25 20:42:32,018 - INFO - 保存最佳模型，准确率: 72.95%
2025-12-25 20:42:32,018 - INFO - Epoch 147/200 | Train Loss: 0.1167 | Train Acc: 96.77% | Test Loss: 1.1460 | Test Acc: 72.95% | F1 Score: 0.7293 | Time: 8.9s
2025-12-25 20:42:41,254 - INFO - Epoch 148/200 | Train Loss: 0.1034 | Train Acc: 97.30% | Test Loss: 1.2592 | Test Acc: 70.67% | F1 Score: 0.7076 | Time: 9.2s
2025-12-25 20:42:50,241 - INFO - Epoch 149/200 | Train Loss: 0.0989 | Train Acc: 97.47% | Test Loss: 1.1610 | Test Acc: 72.68% | F1 Score: 0.7263 | Time: 9.0s
2025-12-25 20:42:59,212 - INFO - Epoch 150/200 | Train Loss: 0.0910 | Train Acc: 97.60% | Test Loss: 1.1868 | Test Acc: 71.98% | F1 Score: 0.7206 | Time: 9.0s
2025-12-25 20:43:08,111 - INFO - 保存最佳模型，准确率: 73.46%
2025-12-25 20:43:08,111 - INFO - Epoch 151/200 | Train Loss: 0.0825 | Train Acc: 97.93% | Test Loss: 1.1305 | Test Acc: 73.46% | F1 Score: 0.7351 | Time: 8.9s
2025-12-25 20:43:17,031 - INFO - Epoch 152/200 | Train Loss: 0.0748 | Train Acc: 98.21% | Test Loss: 1.1559 | Test Acc: 72.33% | F1 Score: 0.7264 | Time: 8.9s
2025-12-25 20:43:25,769 - INFO - Epoch 153/200 | Train Loss: 0.0678 | Train Acc: 98.39% | Test Loss: 1.1529 | Test Acc: 72.54% | F1 Score: 0.7233 | Time: 8.7s
2025-12-25 20:43:34,857 - INFO - 保存最佳模型，准确率: 74.58%
2025-12-25 20:43:34,857 - INFO - Epoch 154/200 | Train Loss: 0.0646 | Train Acc: 98.47% | Test Loss: 1.0480 | Test Acc: 74.58% | F1 Score: 0.7444 | Time: 9.1s
2025-12-25 20:43:43,743 - INFO - Epoch 155/200 | Train Loss: 0.0525 | Train Acc: 98.88% | Test Loss: 1.0633 | Test Acc: 74.33% | F1 Score: 0.7438 | Time: 8.9s
2025-12-25 20:43:52,658 - INFO - 保存最佳模型，准确率: 74.91%
2025-12-25 20:43:52,658 - INFO - Epoch 156/200 | Train Loss: 0.0444 | Train Acc: 99.12% | Test Loss: 1.0581 | Test Acc: 74.91% | F1 Score: 0.7488 | Time: 8.9s
2025-12-25 20:44:01,690 - INFO - 保存最佳模型，准确率: 75.25%
2025-12-25 20:44:01,691 - INFO - Epoch 157/200 | Train Loss: 0.0418 | Train Acc: 99.17% | Test Loss: 1.0480 | Test Acc: 75.25% | F1 Score: 0.7518 | Time: 9.0s
2025-12-25 20:44:10,801 - INFO - 保存最佳模型，准确率: 75.58%
2025-12-25 20:44:10,802 - INFO - Epoch 158/200 | Train Loss: 0.0366 | Train Acc: 99.32% | Test Loss: 1.0110 | Test Acc: 75.58% | F1 Score: 0.7562 | Time: 9.1s
2025-12-25 20:44:19,528 - INFO - 保存最佳模型，准确率: 76.37%
2025-12-25 20:44:19,528 - INFO - Epoch 159/200 | Train Loss: 0.0322 | Train Acc: 99.45% | Test Loss: 0.9962 | Test Acc: 76.37% | F1 Score: 0.7628 | Time: 8.7s
2025-12-25 20:44:28,356 - INFO - Epoch 160/200 | Train Loss: 0.0289 | Train Acc: 99.53% | Test Loss: 0.9907 | Test Acc: 76.02% | F1 Score: 0.7601 | Time: 8.8s
2025-12-25 20:44:37,374 - INFO - 保存最佳模型，准确率: 76.94%
2025-12-25 20:44:37,374 - INFO - Epoch 161/200 | Train Loss: 0.0247 | Train Acc: 99.65% | Test Loss: 0.9614 | Test Acc: 76.94% | F1 Score: 0.7687 | Time: 9.0s
2025-12-25 20:44:46,289 - INFO - 保存最佳模型，准确率: 77.09%
2025-12-25 20:44:46,289 - INFO - Epoch 162/200 | Train Loss: 0.0208 | Train Acc: 99.77% | Test Loss: 0.9506 | Test Acc: 77.09% | F1 Score: 0.7699 | Time: 8.9s
2025-12-25 20:44:55,190 - INFO - 保存最佳模型，准确率: 77.29%
2025-12-25 20:44:55,191 - INFO - Epoch 163/200 | Train Loss: 0.0189 | Train Acc: 99.79% | Test Loss: 0.9333 | Test Acc: 77.29% | F1 Score: 0.7723 | Time: 8.9s
2025-12-25 20:45:03,969 - INFO - Epoch 164/200 | Train Loss: 0.0169 | Train Acc: 99.82% | Test Loss: 0.9207 | Test Acc: 77.16% | F1 Score: 0.7713 | Time: 8.8s
2025-12-25 20:45:13,119 - INFO - 保存最佳模型，准确率: 77.60%
2025-12-25 20:45:13,120 - INFO - Epoch 165/200 | Train Loss: 0.0168 | Train Acc: 99.83% | Test Loss: 0.9107 | Test Acc: 77.60% | F1 Score: 0.7757 | Time: 9.2s
2025-12-25 20:45:21,844 - INFO - Epoch 166/200 | Train Loss: 0.0151 | Train Acc: 99.88% | Test Loss: 0.9196 | Test Acc: 77.36% | F1 Score: 0.7731 | Time: 8.7s
2025-12-25 20:45:30,089 - INFO - 保存最佳模型，准确率: 77.69%
2025-12-25 20:45:30,089 - INFO - Epoch 167/200 | Train Loss: 0.0137 | Train Acc: 99.89% | Test Loss: 0.9081 | Test Acc: 77.69% | F1 Score: 0.7766 | Time: 8.2s
2025-12-25 20:45:38,844 - INFO - 保存最佳模型，准确率: 77.87%
2025-12-25 20:45:38,845 - INFO - Epoch 168/200 | Train Loss: 0.0142 | Train Acc: 99.89% | Test Loss: 0.9039 | Test Acc: 77.87% | F1 Score: 0.7781 | Time: 8.8s
2025-12-25 20:45:47,739 - INFO - Epoch 169/200 | Train Loss: 0.0129 | Train Acc: 99.92% | Test Loss: 0.9127 | Test Acc: 77.64% | F1 Score: 0.7757 | Time: 8.9s
2025-12-25 20:45:56,762 - INFO - Epoch 170/200 | Train Loss: 0.0128 | Train Acc: 99.91% | Test Loss: 0.8897 | Test Acc: 77.83% | F1 Score: 0.7774 | Time: 9.0s
2025-12-25 20:46:05,619 - INFO - 保存最佳模型，准确率: 78.02%
2025-12-25 20:46:05,619 - INFO - Epoch 171/200 | Train Loss: 0.0124 | Train Acc: 99.91% | Test Loss: 0.8855 | Test Acc: 78.02% | F1 Score: 0.7794 | Time: 8.9s
2025-12-25 20:46:14,404 - INFO - Epoch 172/200 | Train Loss: 0.0114 | Train Acc: 99.94% | Test Loss: 0.8825 | Test Acc: 78.01% | F1 Score: 0.7797 | Time: 8.8s
2025-12-25 20:46:23,347 - INFO - 保存最佳模型，准确率: 78.07%
2025-12-25 20:46:23,347 - INFO - Epoch 173/200 | Train Loss: 0.0117 | Train Acc: 99.91% | Test Loss: 0.8906 | Test Acc: 78.07% | F1 Score: 0.7800 | Time: 8.9s
2025-12-25 20:46:32,353 - INFO - 保存最佳模型，准确率: 78.16%
2025-12-25 20:46:32,353 - INFO - Epoch 174/200 | Train Loss: 0.0109 | Train Acc: 99.93% | Test Loss: 0.8825 | Test Acc: 78.16% | F1 Score: 0.7807 | Time: 9.0s
2025-12-25 20:46:41,212 - INFO - 保存最佳模型，准确率: 78.42%
2025-12-25 20:46:41,213 - INFO - Epoch 175/200 | Train Loss: 0.0107 | Train Acc: 99.94% | Test Loss: 0.8778 | Test Acc: 78.42% | F1 Score: 0.7836 | Time: 8.9s
2025-12-25 20:46:49,871 - INFO - Epoch 176/200 | Train Loss: 0.0105 | Train Acc: 99.95% | Test Loss: 0.8764 | Test Acc: 78.30% | F1 Score: 0.7821 | Time: 8.7s
2025-12-25 20:46:58,911 - INFO - Epoch 177/200 | Train Loss: 0.0105 | Train Acc: 99.97% | Test Loss: 0.8782 | Test Acc: 78.33% | F1 Score: 0.7826 | Time: 9.0s
2025-12-25 20:47:08,017 - INFO - Epoch 178/200 | Train Loss: 0.0102 | Train Acc: 99.95% | Test Loss: 0.8739 | Test Acc: 78.34% | F1 Score: 0.7826 | Time: 9.1s
2025-12-25 20:47:17,307 - INFO - 保存最佳模型，准确率: 78.64%
2025-12-25 20:47:17,308 - INFO - Epoch 179/200 | Train Loss: 0.0100 | Train Acc: 99.96% | Test Loss: 0.8707 | Test Acc: 78.64% | F1 Score: 0.7859 | Time: 9.3s
2025-12-25 20:47:25,931 - INFO - Epoch 180/200 | Train Loss: 0.0098 | Train Acc: 99.96% | Test Loss: 0.8708 | Test Acc: 78.59% | F1 Score: 0.7855 | Time: 8.6s
2025-12-25 20:47:34,963 - INFO - Epoch 181/200 | Train Loss: 0.0098 | Train Acc: 99.95% | Test Loss: 0.8729 | Test Acc: 78.36% | F1 Score: 0.7829 | Time: 9.0s
2025-12-25 20:47:44,137 - INFO - Epoch 182/200 | Train Loss: 0.0097 | Train Acc: 99.96% | Test Loss: 0.8680 | Test Acc: 78.54% | F1 Score: 0.7845 | Time: 9.2s
2025-12-25 20:47:52,987 - INFO - Epoch 183/200 | Train Loss: 0.0096 | Train Acc: 99.95% | Test Loss: 0.8624 | Test Acc: 78.58% | F1 Score: 0.7851 | Time: 8.8s
2025-12-25 20:48:01,652 - INFO - 保存最佳模型，准确率: 78.66%
2025-12-25 20:48:01,652 - INFO - Epoch 184/200 | Train Loss: 0.0096 | Train Acc: 99.96% | Test Loss: 0.8630 | Test Acc: 78.66% | F1 Score: 0.7858 | Time: 8.7s
2025-12-25 20:48:10,700 - INFO - 保存最佳模型，准确率: 78.74%
2025-12-25 20:48:10,700 - INFO - Epoch 185/200 | Train Loss: 0.0095 | Train Acc: 99.97% | Test Loss: 0.8663 | Test Acc: 78.74% | F1 Score: 0.7868 | Time: 9.0s
2025-12-25 20:48:19,916 - INFO - Epoch 186/200 | Train Loss: 0.0095 | Train Acc: 99.96% | Test Loss: 0.8608 | Test Acc: 78.64% | F1 Score: 0.7857 | Time: 9.2s
2025-12-25 20:48:28,774 - INFO - Epoch 187/200 | Train Loss: 0.0093 | Train Acc: 99.97% | Test Loss: 0.8589 | Test Acc: 78.62% | F1 Score: 0.7857 | Time: 8.9s
2025-12-25 20:48:37,368 - INFO - Epoch 188/200 | Train Loss: 0.0096 | Train Acc: 99.95% | Test Loss: 0.8647 | Test Acc: 78.73% | F1 Score: 0.7867 | Time: 8.6s
2025-12-25 20:48:46,056 - INFO - Epoch 189/200 | Train Loss: 0.0094 | Train Acc: 99.97% | Test Loss: 0.8609 | Test Acc: 78.69% | F1 Score: 0.7863 | Time: 8.7s
2025-12-25 20:48:55,328 - INFO - 保存最佳模型，准确率: 78.75%
2025-12-25 20:48:55,328 - INFO - Epoch 190/200 | Train Loss: 0.0091 | Train Acc: 99.96% | Test Loss: 0.8618 | Test Acc: 78.75% | F1 Score: 0.7869 | Time: 9.3s
2025-12-25 20:49:04,008 - INFO - Epoch 191/200 | Train Loss: 0.0092 | Train Acc: 99.96% | Test Loss: 0.8605 | Test Acc: 78.58% | F1 Score: 0.7853 | Time: 8.7s
2025-12-25 20:49:12,837 - INFO - Epoch 192/200 | Train Loss: 0.0092 | Train Acc: 99.98% | Test Loss: 0.8624 | Test Acc: 78.64% | F1 Score: 0.7856 | Time: 8.8s
2025-12-25 20:49:21,643 - INFO - 保存最佳模型，准确率: 78.91%
2025-12-25 20:49:21,643 - INFO - Epoch 193/200 | Train Loss: 0.0091 | Train Acc: 99.97% | Test Loss: 0.8595 | Test Acc: 78.91% | F1 Score: 0.7885 | Time: 8.8s
2025-12-25 20:49:30,387 - INFO - Epoch 194/200 | Train Loss: 0.0090 | Train Acc: 99.98% | Test Loss: 0.8599 | Test Acc: 78.85% | F1 Score: 0.7879 | Time: 8.7s
2025-12-25 20:49:39,238 - INFO - Epoch 195/200 | Train Loss: 0.0092 | Train Acc: 99.96% | Test Loss: 0.8587 | Test Acc: 78.80% | F1 Score: 0.7873 | Time: 8.9s
2025-12-25 20:49:48,155 - INFO - Epoch 196/200 | Train Loss: 0.0090 | Train Acc: 99.97% | Test Loss: 0.8566 | Test Acc: 78.85% | F1 Score: 0.7877 | Time: 8.9s
2025-12-25 20:49:56,996 - INFO - Epoch 197/200 | Train Loss: 0.0090 | Train Acc: 99.97% | Test Loss: 0.8587 | Test Acc: 78.72% | F1 Score: 0.7865 | Time: 8.8s
2025-12-25 20:50:05,868 - INFO - Epoch 198/200 | Train Loss: 0.0090 | Train Acc: 99.98% | Test Loss: 0.8584 | Test Acc: 78.84% | F1 Score: 0.7876 | Time: 8.9s
2025-12-25 20:50:14,947 - INFO - Epoch 199/200 | Train Loss: 0.0089 | Train Acc: 99.98% | Test Loss: 0.8597 | Test Acc: 78.73% | F1 Score: 0.7865 | Time: 9.1s
2025-12-25 20:50:24,168 - INFO - Epoch 200/200 | Train Loss: 0.0091 | Train Acc: 99.96% | Test Loss: 0.8610 | Test Acc: 78.71% | F1 Score: 0.7865 | Time: 9.2s
2025-12-25 20:50:24,168 - INFO - 训练完成！最佳测试准确率: 78.91%
2025-12-25 20:50:24,786 - INFO - 训练曲线已保存到: ./results/resnet18_cifar100_cbam/plots/training_curves.png
2025-12-25 20:50:34,609 - INFO - 最终模型评估结果:
2025-12-25 20:50:34,609 - INFO -   accuracy: 0.7891
2025-12-25 20:50:34,609 - INFO -   f1_macro: 0.7885
2025-12-25 20:50:34,609 - INFO -   f1_weighted: 0.7885
2025-12-25 20:50:34,609 - INFO -   precision_macro: 0.7905
2025-12-25 20:50:34,609 - INFO -   recall_macro: 0.7891
2025-12-25 20:50:34,609 - INFO -   per_class_accuracy: [0.94, 0.87, 0.67, 0.66, 0.7, 0.82, 0.83, 0.86, 0.9, 0.88, 0.55, 0.6, 0.8, 0.73, 0.78, 0.85, 0.85, 0.9, 0.63, 0.73, 0.88, 0.95, 0.79, 0.86, 0.86, 0.7, 0.75, 0.78, 0.84, 0.8, 0.76, 0.77, 0.74, 0.7, 0.83, 0.64, 0.83, 0.82, 0.76, 0.91, 0.79, 0.92, 0.78, 0.87, 0.62, 0.65, 0.54, 0.68, 0.95, 0.91, 0.63, 0.84, 0.74, 0.93, 0.88, 0.65, 0.92, 0.83, 0.89, 0.69, 0.9, 0.72, 0.79, 0.74, 0.6, 0.68, 0.89, 0.69, 0.96, 0.86, 0.77, 0.84, 0.57, 0.69, 0.64, 0.92, 0.93, 0.78, 0.72, 0.87, 0.71, 0.85, 0.91, 0.72, 0.78, 0.9, 0.76, 0.91, 0.82, 0.94, 0.82, 0.85, 0.72, 0.71, 0.95, 0.75, 0.66, 0.86, 0.71, 0.79]
2025-12-25 20:50:34,609 - INFO -   mean_per_class_accuracy: 0.7891
